<?xml version="1.0" encoding="UTF-8"?>
<!-- Generated by org.testng.reporters.JUnitXMLReporter -->
<testsuite ignored="0" hostname="Alekyas-MacBook-Air.local" failures="1" tests="14" name="Default test" time="14.759" errors="0" timestamp="2024-10-05T09:51:08 IST">
  <testcase classname="APITesting.Dummyjson" name="addproduct" time="2.994"/>
  <testcase classname="APITesting.Dummyjson" name="currentauthuser" time="0.002">
    <failure type="java.lang.Error" message="Unresolved compilation problem: 
	Syntax error on token &amp;quot;.&amp;quot;, delete this token
">
      <![CDATA[java.lang.Error: Unresolved compilation problem: 
Syntax error on token ".", delete this token

at APITesting.Dummyjson.currentauthuser(Dummyjson.java:34)
at java.base/jdk.internal.reflect.DirectMethodHandleAccessor.invoke(DirectMethodHandleAccessor.java:103)
at java.base/java.lang.reflect.Method.invoke(Method.java:580)
at org.testng.internal.invokers.MethodInvocationHelper.invokeMethod(MethodInvocationHelper.java:139)
at org.testng.internal.invokers.TestInvoker.invokeMethod(TestInvoker.java:677)
at org.testng.internal.invokers.TestInvoker.invokeTestMethod(TestInvoker.java:221)
at org.testng.internal.invokers.MethodRunner.runInSequence(MethodRunner.java:50)
at org.testng.internal.invokers.TestInvoker$MethodInvocationAgent.invoke(TestInvoker.java:969)
at org.testng.internal.invokers.TestInvoker.invokeTestMethods(TestInvoker.java:194)
at org.testng.internal.invokers.TestMethodWorker.invokeTestMethods(TestMethodWorker.java:148)
at org.testng.internal.invokers.TestMethodWorker.run(TestMethodWorker.java:128)
at java.base/java.util.ArrayList.forEach(ArrayList.java:1596)
at org.testng.TestRunner.privateRun(TestRunner.java:829)
at org.testng.TestRunner.run(TestRunner.java:602)
at org.testng.SuiteRunner.runTest(SuiteRunner.java:437)
at org.testng.SuiteRunner.runSequentially(SuiteRunner.java:431)
at org.testng.SuiteRunner.privateRun(SuiteRunner.java:391)
at org.testng.SuiteRunner.run(SuiteRunner.java:330)
at org.testng.SuiteRunnerWorker.runSuite(SuiteRunnerWorker.java:52)
at org.testng.SuiteRunnerWorker.run(SuiteRunnerWorker.java:95)
at org.testng.TestNG.runSuitesSequentially(TestNG.java:1256)
at org.testng.TestNG.runSuitesLocally(TestNG.java:1176)
at org.testng.TestNG.runSuites(TestNG.java:1099)
at org.testng.TestNG.run(TestNG.java:1067)
at org.testng.remote.AbstractRemoteTestNG.run(AbstractRemoteTestNG.java:115)
at org.testng.remote.RemoteTestNG.initAndRun(RemoteTestNG.java:293)
at org.testng.remote.RemoteTestNG.main(RemoteTestNG.java:91)
]]>
    </failure>
  </testcase> <!-- currentauthuser -->
  <testcase classname="APITesting.Dummyjson" name="deletproduct" time="1.086"/>
  <testcase classname="APITesting.Dummyjson" name="getallproductscategory" time="1.088"/>
  <testcase classname="APITesting.Dummyjson" name="getproductbycategory" time="1.046"/>
  <testcase classname="APITesting.Dummyjson" name="getproductbycategorylist" time="0.991"/>
  <testcase classname="APITesting.Dummyjson" name="getproducts" time="0.907"/>
  <testcase classname="APITesting.Dummyjson" name="limitandskip" time="1.029"/>
  <testcase classname="APITesting.Dummyjson" name="loginauthorization" time="1.041"/>
  <testcase classname="APITesting.Dummyjson" name="refreshtoken" time="0.826"/>
  <testcase classname="APITesting.Dummyjson" name="searchproduct" time="0.904"/>
  <testcase classname="APITesting.Dummyjson" name="singleproduct" time="0.872"/>
  <testcase classname="APITesting.Dummyjson" name="sortproducts" time="0.871"/>
  <testcase classname="APITesting.Dummyjson" name="updateproduct" time="1.002"/>
</testsuite> <!-- Default test -->
